{
  "RSpec": {
    "coverage": {
      "/home/lucas/Pessoal/lista_tarefas/spec/controllers/task_controller_spec.rb": [
        1,
        null,
        1,
        1,
        1,
        1,
        1,
        1,
        null,
        null,
        null,
        1,
        1,
        1,
        1,
        1,
        null,
        null,
        null,
        1,
        1,
        1,
        1,
        null,
        null,
        1,
        1,
        1,
        1,
        2,
        null,
        null,
        1,
        1,
        1,
        2,
        null,
        null,
        null,
        1,
        1,
        1,
        1,
        1,
        null,
        null,
        1,
        1,
        1,
        1,
        null,
        null,
        null,
        1,
        1,
        1,
        1,
        null,
        null,
        1,
        1,
        1,
        null,
        null,
        null,
        null,
        1,
        1,
        1,
        1,
        1,
        1,
        null,
        null,
        1,
        1,
        1,
        1,
        1,
        null,
        null,
        null,
        1,
        1,
        1,
        1,
        1,
        null,
        null,
        1,
        1,
        1,
        1,
        null,
        null,
        null,
        null,
        1,
        1,
        3,
        null,
        null,
        1,
        1,
        1,
        1,
        null,
        null,
        1,
        1,
        null,
        null,
        1,
        1,
        1,
        2,
        null,
        null,
        null
      ],
      "/home/lucas/Pessoal/lista_tarefas/spec/rails_helper.rb": [
        1,
        1,
        null,
        1,
        null,
        1,
        1,
        1,
        1,
        null,
        1,
        1,
        1,
        1,
        null
      ],
      "/home/lucas/Pessoal/lista_tarefas/config/environment.rb": [
        null,
        1,
        null,
        null,
        1
      ],
      "/home/lucas/Pessoal/lista_tarefas/config/application.rb": [
        1,
        null,
        1,
        null,
        null,
        null,
        1,
        null,
        1,
        1,
        null,
        null,
        null,
        null,
        null,
        null,
        null,
        null,
        null,
        null,
        null,
        null,
        null,
        1,
        null,
        null
      ],
      "/home/lucas/Pessoal/lista_tarefas/config/boot.rb": [
        1,
        null,
        1
      ],
      "/home/lucas/Pessoal/lista_tarefas/config/environments/test.rb": [
        1,
        null,
        null,
        null,
        null,
        null,
        null,
        1,
        null,
        null,
        null,
        null,
        1,
        null,
        null,
        1,
        1,
        null,
        null,
        1,
        1,
        null,
        null,
        1,
        null,
        null,
        1,
        null,
        null,
        null,
        null,
        1,
        null,
        null,
        1,
        null,
        null,
        1,
        null,
        null,
        null,
        null
      ],
      "/home/lucas/Pessoal/lista_tarefas/config/initializers/assets.rb": [
        null,
        null,
        null,
        1,
        null,
        null,
        null,
        null,
        null,
        null,
        null
      ],
      "/home/lucas/Pessoal/lista_tarefas/config/initializers/backtrace_silencers.rb": [
        null,
        null,
        null,
        null,
        null,
        null,
        null
      ],
      "/home/lucas/Pessoal/lista_tarefas/config/initializers/cookies_serializer.rb": [
        null,
        null,
        1
      ],
      "/home/lucas/Pessoal/lista_tarefas/config/initializers/filter_parameter_logging.rb": [
        null,
        null,
        null,
        1
      ],
      "/home/lucas/Pessoal/lista_tarefas/config/initializers/inflections.rb": [
        null,
        null,
        null,
        null,
        null,
        null,
        null,
        null,
        null,
        null,
        null,
        null,
        null,
        null,
        null,
        null
      ],
      "/home/lucas/Pessoal/lista_tarefas/config/initializers/mime_types.rb": [
        null,
        null,
        null,
        null
      ],
      "/home/lucas/Pessoal/lista_tarefas/config/initializers/session_store.rb": [
        null,
        null,
        1
      ],
      "/home/lucas/Pessoal/lista_tarefas/config/initializers/wrap_parameters.rb": [
        null,
        null,
        null,
        null,
        null,
        null,
        1,
        1,
        null,
        null,
        null,
        null,
        null,
        null
      ],
      "/home/lucas/Pessoal/lista_tarefas/config/routes.rb": [
        1,
        1,
        1,
        null
      ],
      "/home/lucas/Pessoal/lista_tarefas/app/helpers/application_helper.rb": [
        1,
        null
      ],
      "/home/lucas/Pessoal/lista_tarefas/app/controllers/task_controller.rb": [
        1,
        1,
        null,
        1,
        7,
        7,
        null,
        null,
        1,
        1,
        2,
        null,
        null,
        null,
        1,
        1,
        2,
        null,
        null,
        null,
        1,
        7,
        7,
        7,
        9,
        6,
        null,
        3,
        3,
        null,
        null,
        null,
        null,
        1,
        5,
        5,
        5,
        4,
        null,
        3,
        3,
        null,
        null,
        null,
        null,
        1,
        3,
        3,
        6,
        3,
        null,
        null,
        null,
        1,
        1,
        10,
        null,
        null,
        1,
        12,
        12,
        9,
        9,
        null,
        null,
        null,
        null,
        12,
        null,
        null
      ],
      "/home/lucas/Pessoal/lista_tarefas/app/controllers/application_controller.rb": [
        1,
        null,
        null,
        1,
        null
      ],
      "/home/lucas/Pessoal/lista_tarefas/spec/features/create_and_delete_tasks_spec.rb": [
        1,
        null,
        1,
        1,
        3,
        null,
        null,
        1,
        1,
        1,
        1,
        1,
        null,
        null,
        1,
        1,
        1,
        1,
        null,
        null,
        1,
        1,
        1,
        1,
        null,
        null
      ],
      "/home/lucas/Pessoal/lista_tarefas/spec/models/task_spec.rb": [
        1,
        null,
        1,
        1,
        1,
        1,
        null,
        null,
        1,
        1,
        1,
        null,
        null,
        1,
        1,
        1,
        null,
        null,
        1,
        1,
        null,
        1,
        3,
        null,
        null,
        1,
        4,
        null,
        null,
        1,
        1,
        4,
        null,
        null,
        1,
        1,
        4,
        null,
        null,
        null
      ],
      "/home/lucas/Pessoal/lista_tarefas/app/models/task.rb": [
        1,
        1,
        null,
        9,
        9,
        null,
        1,
        1,
        1,
        null,
        1,
        22,
        null,
        null,
        1,
        4,
        null,
        null,
        1,
        4,
        null,
        null
      ],
      "/home/lucas/Pessoal/lista_tarefas/app/models/log.rb": [
        1,
        null
      ]
    },
    "timestamp": 1445512363
  }
}
